<?xml version="1.0" encoding="UTF-8"?>
<!-- Generated by org.testng.reporters.JUnitReportReporter -->
<testsuite hostname="AKHILA" failures="0" tests="1" name="Runner.Runnerclass" time="7.395" errors="0" timestamp="2025-07-15T11:43:09 IST" skipped="0">
  <testcase classname="Runner.Runnerclass" name="runScenario" time="7.395"/>
  <system-out/>
</testsuite> <!-- Runner.Runnerclass -->
